[I 2025-07-08 00:19:03,996] Trial 195 finished with value: 0.08267695754766459 and parameters: {'lr': 0.004021955985250305, 'n_estimators': 1500, 'num_leaves': 159, 'min_child_samples': 5, 'subsample': 0.7161410849734894, 'colsample_bytree': 0.6002015121861696, 'reg_alpha': 0.11030517213636937, 'reg_lambda': 3.5432003029372443}. Best is trial 35 with value: 0.0799914799630641.
[I 2025-07-08 00:21:59,892] Trial 196 finished with value: 0.08376845866441693 and parameters: {'lr': 0.004073739959731347, 'n_estimators': 3500, 'num_leaves': 159, 'min_child_samples': 8, 'subsample': 0.7183504190433303, 'colsample_bytree': 0.595616323803506, 'reg_alpha': 0.31812690305346947, 'reg_lambda': 3.586146059019664}. Best is trial 35 with value: 0.0799914799630641.
[I 2025-07-08 00:22:53,248] Trial 198 finished with value: 0.08492139354348155 and parameters: {'lr': 0.0046976782826844326, 'n_estimators': 3500, 'num_leaves': 143, 'min_child_samples': 8, 'subsample': 0.7203036866028037, 'colsample_bytree': 0.6614507492021783, 'reg_alpha': 0.3146945803410551, 'reg_lambda': 4.053397067053254}. Best is trial 35 with value: 0.0799914799630641.
[I 2025-07-08 00:23:43,297] Trial 197 finished with value: 0.08557162284851072 and parameters: {'lr': 0.0039548783693360385, 'n_estimators': 3500, 'num_leaves': 151, 'min_child_samples': 8, 'subsample': 0.7205937434829007, 'colsample_bytree': 0.6178770559760455, 'reg_alpha': 0.3410899817236255, 'reg_lambda': 3.52398199720914}. Best is trial 35 with value: 0.0799914799630641.
[I 2025-07-08 00:23:45,791] Trial 199 finished with value: 0.08328702375292762 and parameters: {'lr': 0.004752452307982123, 'n_estimators': 3500, 'num_leaves': 151, 'min_child_samples': 8, 'subsample': 0.8989811449571443, 'colsample_bytree': 0.6641017416515074, 'reg_alpha': 0.3316281302462768, 'reg_lambda': 4.075421333942178}. Best is trial 35 with value: 0.0799914799630641.
[TIME] Optuna finished in 97.7 min
[INFO] Best δ = 0.0800
{
  "lr": 0.004109790015426597,
  "n_estimators": 2500,
  "num_leaves": 159,
  "min_child_samples": 13,
  "subsample": 0.8209589685400136,
  "colsample_bytree": 0.5953220558691616,
  "reg_alpha": 0.03713206941455771,
  "reg_lambda": 0.27846431001872135
}
[INFO] ✅ Training artefacts 写入 ./models/
[INFO] 📝 search_meta.json 写入 models/ 完成
