Best trial: 35. Best value: 0.0799915:  84%|████████▍ | 168/200 [1:09:31<30:36, 57.40s/it]Best trial: 35. Best value: 0.0799915:  84%|████████▍ | 168/200 [1:09:31<30:36, 57.40s/it]Best trial: 35. Best value: 0.0799915:  84%|████████▍ | 169/200 [1:09:31<21:15, 41.15s/it]                                                                                          Best trial: 35. Best value: 0.0799915:  84%|████████▍ | 169/200 [1:10:25<21:15, 41.15s/it]Best trial: 35. Best value: 0.0799915:  84%|████████▍ | 169/200 [1:10:25<21:15, 41.15s/it]Best trial: 35. Best value: 0.0799915:  85%|████████▌ | 170/200 [1:10:25<22:26, 44.88s/it]                                                                                          Best trial: 35. Best value: 0.0799915:  85%|████████▌ | 170/200 [1:12:33<22:26, 44.88s/it]Best trial: 35. Best value: 0.0799915:  85%|████████▌ | 170/200 [1:12:33<22:26, 44.88s/it]Best trial: 35. Best value: 0.0799915:  86%|████████▌ | 171/200 [1:12:33<33:48, 69.96s/it]                                                                                          Best trial: 35. Best value: 0.0799915:  86%|████████▌ | 171/200 [1:13:03<33:48, 69.96s/it]Best trial: 35. Best value: 0.0799915:  86%|████████▌ | 171/200 [1:13:03<33:48, 69.96s/it]Best trial: 35. Best value: 0.0799915:  86%|████████▌ | 172/200 [1:13:03<26:59, 57.84s/it]                                                                                          Best trial: 35. Best value: 0.0799915:  86%|████████▌ | 172/200 [1:13:19<26:59, 57.84s/it]Best trial: 35. Best value: 0.0799915:  86%|████████▌ | 172/200 [1:13:19<26:59, 57.84s/it]Best trial: 35. Best value: 0.0799915:  86%|████████▋ | 173/200 [1:13:19<20:29, 45.53s/it]                                                                                          Best trial: 35. Best value: 0.0799915:  86%|████████▋ | 173/200 [1:14:18<20:29, 45.53s/it]Best trial: 35. Best value: 0.0799915:  86%|████████▋ | 173/200 [1:14:18<20:29, 45.53s/it]Best trial: 35. Best value: 0.0799915:  87%|████████▋ | 174/200 [1:14:18<21:26, 49.48s/it]                                                                                          Best trial: 35. Best value: 0.0799915:  87%|████████▋ | 174/200 [1:16:04<21:26, 49.48s/it]Best trial: 35. Best value: 0.0799915:  87%|████████▋ | 174/200 [1:16:04<21:26, 49.48s/it]Best trial: 35. Best value: 0.0799915:  88%|████████▊ | 175/200 [1:16:04<27:36, 66.28s/it]                                                                                          Best trial: 35. Best value: 0.0799915:  88%|████████▊ | 175/200 [1:16:19<27:36, 66.28s/it]Best trial: 35. Best value: 0.0799915:  88%|████████▊ | 175/200 [1:16:19<27:36, 66.28s/it]Best trial: 35. Best value: 0.0799915:  88%|████████▊ | 176/200 [1:16:19<20:26, 51.12s/it]                                                                                          Best trial: 35. Best value: 0.0799915:  88%|████████▊ | 176/200 [1:16:20<20:26, 51.12s/it]Best trial: 35. Best value: 0.0799915:  88%|████████▊ | 176/200 [1:16:20<20:26, 51.12s/it]Best trial: 35. Best value: 0.0799915:  88%|████████▊ | 177/200 [1:16:20<13:46, 35.93s/it]                                                                                          Best trial: 35. Best value: 0.0799915:  88%|████████▊ | 177/200 [1:16:32<13:46, 35.93s/it]Best trial: 35. Best value: 0.0799915:  88%|████████▊ | 177/200 [1:16:32<13:46, 35.93s/it]Best trial: 35. Best value: 0.0799915:  89%|████████▉ | 178/200 [1:16:32<10:31, 28.71s/it]                                                                                          Best trial: 35. Best value: 0.0799915:  89%|████████▉ | 178/200 [1:19:22<10:31, 28.71s/it]Best trial: 35. Best value: 0.0799915:  89%|████████▉ | 178/200 [1:19:22<10:31, 28.71s/it]Best trial: 35. Best value: 0.0799915:  90%|████████▉ | 179/200 [1:19:22<24:54, 71.18s/it]                                                                                          Best trial: 35. Best value: 0.0799915:  90%|████████▉ | 179/200 [1:19:41<24:54, 71.18s/it]Best trial: 35. Best value: 0.0799915:  90%|████████▉ | 179/200 [1:19:41<24:54, 71.18s/it]Best trial: 35. Best value: 0.0799915:  90%|█████████ | 180/200 [1:19:41<18:28, 55.44s/it]                                                                                          Best trial: 35. Best value: 0.0799915:  90%|█████████ | 180/200 [1:19:59<18:28, 55.44s/it]Best trial: 35. Best value: 0.0799915:  90%|█████████ | 180/200 [1:19:59<18:28, 55.44s/it]Best trial: 35. Best value: 0.0799915:  90%|█████████ | 181/200 [1:19:59<14:02, 44.32s/it]                                                                                          Best trial: 35. Best value: 0.0799915:  90%|█████████ | 181/200 [1:20:02<14:02, 44.32s/it]Best trial: 35. Best value: 0.0799915:  90%|█████████ | 181/200 [1:20:02<14:02, 44.32s/it]Best trial: 35. Best value: 0.0799915:  91%|█████████ | 182/200 [1:20:02<09:35, 31.94s/it]                                                                                          Best trial: 35. Best value: 0.0799915:  91%|█████████ | 182/200 [1:23:31<09:35, 31.94s/it]Best trial: 35. Best value: 0.0799915:  91%|█████████ | 182/200 [1:23:31<09:35, 31.94s/it]Best trial: 35. Best value: 0.0799915:  92%|█████████▏| 183/200 [1:23:31<24:07, 85.13s/it]                                                                                          Best trial: 35. Best value: 0.0799915:  92%|█████████▏| 183/200 [1:23:34<24:07, 85.13s/it]Best trial: 35. Best value: 0.0799915:  92%|█████████▏| 183/200 [1:23:34<24:07, 85.13s/it]Best trial: 35. Best value: 0.0799915:  92%|█████████▏| 184/200 [1:23:34<16:04, 60.30s/it]                                                                                          Best trial: 35. Best value: 0.0799915:  92%|█████████▏| 184/200 [1:24:14<16:04, 60.30s/it]Best trial: 35. Best value: 0.0799915:  92%|█████████▏| 184/200 [1:24:14<16:04, 60.30s/it]Best trial: 35. Best value: 0.0799915:  92%|█████████▎| 185/200 [1:24:14<13:33, 54.22s/it]                                                                                          Best trial: 35. Best value: 0.0799915:  92%|█████████▎| 185/200 [1:25:09<13:33, 54.22s/it]Best trial: 35. Best value: 0.0799915:  92%|█████████▎| 185/200 [1:25:09<13:33, 54.22s/it]Best trial: 35. Best value: 0.0799915:  93%|█████████▎| 186/200 [1:25:09<12:41, 54.39s/it]                                                                                          Best trial: 35. Best value: 0.0799915:  93%|█████████▎| 186/200 [1:27:07<12:41, 54.39s/it]Best trial: 35. Best value: 0.0799915:  93%|█████████▎| 186/200 [1:27:07<12:41, 54.39s/it]Best trial: 35. Best value: 0.0799915:  94%|█████████▎| 187/200 [1:27:07<15:57, 73.69s/it]                                                                                          Best trial: 35. Best value: 0.0799915:  94%|█████████▎| 187/200 [1:27:11<15:57, 73.69s/it]Best trial: 35. Best value: 0.0799915:  94%|█████████▎| 187/200 [1:27:11<15:57, 73.69s/it]Best trial: 35. Best value: 0.0799915:  94%|█████████▍| 188/200 [1:27:11<10:31, 52.59s/it]                                                                                          Best trial: 35. Best value: 0.0799915:  94%|█████████▍| 188/200 [1:27:58<10:31, 52.59s/it]Best trial: 35. Best value: 0.0799915:  94%|█████████▍| 188/200 [1:27:58<10:31, 52.59s/it]Best trial: 35. Best value: 0.0799915:  94%|█████████▍| 189/200 [1:27:58<09:21, 51.08s/it]                                                                                          [I 2025-07-07 23:55:33,814] Trial 167 finished with value: 0.08355118855834003 and parameters: {'lr': 0.007682699860679023, 'n_estimators': 2500, 'num_leaves': 143, 'min_child_samples': 9, 'subsample': 0.6949741300056042, 'colsample_bytree': 0.5949917745509666, 'reg_alpha': 0.26746583199176815, 'reg_lambda': 0.15516832738882344}. Best is trial 35 with value: 0.0799914799630641.
[I 2025-07-07 23:56:27,428] Trial 168 finished with value: 0.08285607099533064 and parameters: {'lr': 0.004302177684729413, 'n_estimators': 2500, 'num_leaves': 135, 'min_child_samples': 8, 'subsample': 0.6939649508232085, 'colsample_bytree': 0.6117520889901304, 'reg_alpha': 0.2886295621020934, 'reg_lambda': 3.8896370937314213}. Best is trial 35 with value: 0.0799914799630641.
[I 2025-07-07 23:58:35,959] Trial 173 finished with value: 0.08337994664907447 and parameters: {'lr': 0.008765282028506424, 'n_estimators': 2000, 'num_leaves': 223, 'min_child_samples': 15, 'subsample': 0.707503694458522, 'colsample_bytree': 0.5818930875233951, 'reg_alpha': 0.4349962276210271, 'reg_lambda': 4.4847848235468675}. Best is trial 35 with value: 0.0799914799630641.
[I 2025-07-07 23:59:05,508] Trial 171 finished with value: 0.08316476792097079 and parameters: {'lr': 0.0061210800840242365, 'n_estimators': 2000, 'num_leaves': 223, 'min_child_samples': 9, 'subsample': 0.7050880741191988, 'colsample_bytree': 0.5847471788825349, 'reg_alpha': 0.21236051659184318, 'reg_lambda': 3.5761136632733757}. Best is trial 35 with value: 0.0799914799630641.
[I 2025-07-07 23:59:22,311] Trial 172 finished with value: 0.08127817511558526 and parameters: {'lr': 0.006246813010192991, 'n_estimators': 2000, 'num_leaves': 127, 'min_child_samples': 6, 'subsample': 0.7049101450030989, 'colsample_bytree': 0.5882275783087262, 'reg_alpha': 0.1878020343436857, 'reg_lambda': 3.67464239977673}. Best is trial 35 with value: 0.0799914799630641.
[I 2025-07-08 00:00:21,007] Trial 170 finished with value: 0.08167032450437545 and parameters: {'lr': 0.004350348689969177, 'n_estimators': 2500, 'num_leaves': 159, 'min_child_samples': 7, 'subsample': 0.7038459623472207, 'colsample_bytree': 0.5691008719334726, 'reg_alpha': 0.23595530154052688, 'reg_lambda': 3.9045296375765752}. Best is trial 35 with value: 0.0799914799630641.
[I 2025-07-08 00:02:06,485] Trial 177 finished with value: 0.09055632576346379 and parameters: {'lr': 0.005438826143993873, 'n_estimators': 2500, 'num_leaves': 159, 'min_child_samples': 7, 'subsample': 0.7161868656089652, 'colsample_bytree': 0.5751916405151073, 'reg_alpha': 3.493208204669287, 'reg_lambda': 3.651210294375367}. Best is trial 35 with value: 0.0799914799630641.
[I 2025-07-08 00:02:22,225] Trial 175 finished with value: 0.08123912215232816 and parameters: {'lr': 0.010171716553015733, 'n_estimators': 3000, 'num_leaves': 159, 'min_child_samples': 6, 'subsample': 0.7152418572700372, 'colsample_bytree': 0.634345088613682, 'reg_alpha': 0.0905772567174983, 'reg_lambda': 3.714776988093467}. Best is trial 35 with value: 0.0799914799630641.
[I 2025-07-08 00:02:22,701] Trial 176 finished with value: 0.0812920294702053 and parameters: {'lr': 0.005392066202334412, 'n_estimators': 1500, 'num_leaves': 127, 'min_child_samples': 7, 'subsample': 0.7154149603524014, 'colsample_bytree': 0.5736473772634071, 'reg_alpha': 0.08898895877035846, 'reg_lambda': 3.6797216773151873}. Best is trial 35 with value: 0.0799914799630641.
[I 2025-07-08 00:02:34,572] Trial 174 finished with value: 0.08349146544933307 and parameters: {'lr': 0.013743871241030546, 'n_estimators': 3000, 'num_leaves': 151, 'min_child_samples': 6, 'subsample': 0.7240645468933404, 'colsample_bytree': 0.5700838384841956, 'reg_alpha': 0.0932972848682286, 'reg_lambda': 3.7278332758419794}. Best is trial 35 with value: 0.0799914799630641.
[I 2025-07-08 00:05:24,843] Trial 178 finished with value: 0.08238975331187245 and parameters: {'lr': 0.004401777957229247, 'n_estimators': 1500, 'num_leaves': 151, 'min_child_samples': 6, 'subsample': 0.7102469810613902, 'colsample_bytree': 0.5665673572560685, 'reg_alpha': 0.17017986619069136, 'reg_lambda': 3.7078142168918844}. Best is trial 35 with value: 0.0799914799630641.
[I 2025-07-08 00:05:43,573] Trial 181 finished with value: 0.08410466462373713 and parameters: {'lr': 0.004358270812300044, 'n_estimators': 1500, 'num_leaves': 127, 'min_child_samples': 6, 'subsample': 0.701189486685851, 'colsample_bytree': 0.6953648275653976, 'reg_alpha': 0.17963197061482694, 'reg_lambda': 4.055279061729954}. Best is trial 35 with value: 0.0799914799630641.
[I 2025-07-08 00:06:01,944] Trial 179 finished with value: 0.08516206443309778 and parameters: {'lr': 0.010361697845008136, 'n_estimators': 2500, 'num_leaves': 151, 'min_child_samples': 6, 'subsample': 0.7035874319044941, 'colsample_bytree': 0.5688928545773205, 'reg_alpha': 0.1712465134870559, 'reg_lambda': 4.056886785374196}. Best is trial 35 with value: 0.0799914799630641.
[I 2025-07-08 00:06:05,008] Trial 180 finished with value: 0.08120280131697614 and parameters: {'lr': 0.0038543320114014937, 'n_estimators': 1500, 'num_leaves': 151, 'min_child_samples': 6, 'subsample': 0.7035724516302511, 'colsample_bytree': 0.6354079432757056, 'reg_alpha': 0.0024302105113530037, 'reg_lambda': 3.7303601386243304}. Best is trial 35 with value: 0.0799914799630641.
[I 2025-07-08 00:09:34,254] Trial 184 finished with value: 0.08386782854795455 and parameters: {'lr': 0.0051860726441149635, 'n_estimators': 2000, 'num_leaves': 127, 'min_child_samples': 7, 'subsample': 0.7187105592866427, 'colsample_bytree': 0.5552972630218777, 'reg_alpha': 0.35164003861400234, 'reg_lambda': 3.9115591666172365}. Best is trial 35 with value: 0.0799914799630641.
[I 2025-07-08 00:09:36,622] Trial 185 finished with value: 0.08345011621713631 and parameters: {'lr': 0.003632556098658581, 'n_estimators': 1500, 'num_leaves': 159, 'min_child_samples': 7, 'subsample': 0.7120923365220934, 'colsample_bytree': 0.6395810590429116, 'reg_alpha': 0.06962521279386091, 'reg_lambda': 3.889752370804892}. Best is trial 35 with value: 0.0799914799630641.
[I 2025-07-08 00:10:16,660] Trial 182 finished with value: 0.0820106193423271 and parameters: {'lr': 0.005215018292909679, 'n_estimators': 2500, 'num_leaves': 127, 'min_child_samples': 6, 'subsample': 0.7016669569243217, 'colsample_bytree': 0.5486595318759592, 'reg_alpha': 0.03146821118862969, 'reg_lambda': 3.916438805766323}. Best is trial 35 with value: 0.0799914799630641.
[I 2025-07-08 00:11:11,424] Trial 183 finished with value: 0.08259631991386403 and parameters: {'lr': 0.0029285238988632717, 'n_estimators': 2500, 'num_leaves': 159, 'min_child_samples': 7, 'subsample': 0.7151098005366368, 'colsample_bytree': 0.550015862545257, 'reg_alpha': 0.013060782385632297, 'reg_lambda': 3.9297092880572366}. Best is trial 35 with value: 0.0799914799630641.
[I 2025-07-08 00:13:10,152] Trial 187 finished with value: 0.08374513015151012 and parameters: {'lr': 0.003015362985424244, 'n_estimators': 1500, 'num_leaves': 167, 'min_child_samples': 7, 'subsample': 0.7232291465593829, 'colsample_bytree': 0.6361547495151503, 'reg_alpha': 0.020549116662085087, 'reg_lambda': 3.798335865558623}. Best is trial 35 with value: 0.0799914799630641.
[I 2025-07-08 00:13:13,497] Trial 186 finished with value: 0.0811680719256401 and parameters: {'lr': 0.006257924346086936, 'n_estimators': 1500, 'num_leaves': 159, 'min_child_samples': 5, 'subsample': 0.7132177336746516, 'colsample_bytree': 0.6350150712720936, 'reg_alpha': 0.012251820636885291, 'reg_lambda': 3.905739343868177}. Best is trial 35 with value: 0.0799914799630641.
[I 2025-07-08 00:14:01,058] Trial 188 finished with value: 0.08316287174820894 and parameters: {'lr': 0.0030371660314050366, 'n_estimators': 1500, 'num_leaves': 167, 'min_child_samples': 5, 'subsample': 0.6876543032584665, 'colsample_bytree': 0.6527829127949669, 'reg_alpha': 0.01284602047697074, 'reg_lambda': 3.7769711767882237}. Best is trial 35 with value: 0.0799914799630641.
Best trial: 35. Best value: 0.0799915:  94%|█████████▍| 189/200 [1:28:33<09:21, 51.08s/it]Best trial: 35. Best value: 0.0799915:  94%|█████████▍| 189/200 [1:28:33<09:21, 51.08s/it]Best trial: 35. Best value: 0.0799915:  95%|█████████▌| 190/200 [1:28:33<07:43, 46.34s/it]                                                                                          Best trial: 35. Best value: 0.0799915:  95%|█████████▌| 190/200 [1:28:41<07:43, 46.34s/it]Best trial: 35. Best value: 0.0799915:  95%|█████████▌| 190/200 [1:28:41<07:43, 46.34s/it]Best trial: 35. Best value: 0.0799915:  96%|█████████▌| 191/200 [1:28:41<05:11, 34.58s/it]                                                                                          Best trial: 35. Best value: 0.0799915:  96%|█████████▌| 191/200 [1:29:27<05:11, 34.58s/it]Best trial: 35. Best value: 0.0799915:  96%|█████████▌| 191/200 [1:29:28<05:11, 34.58s/it]Best trial: 35. Best value: 0.0799915:  96%|█████████▌| 192/200 [1:29:28<05:06, 38.27s/it]                                                                                          Best trial: 35. Best value: 0.0799915:  96%|█████████▌| 192/200 [1:30:31<05:06, 38.27s/it]Best trial: 35. Best value: 0.0799915:  96%|█████████▌| 192/200 [1:30:31<05:06, 38.27s/it]Best trial: 35. Best value: 0.0799915:  96%|█████████▋| 193/200 [1:30:31<05:21, 45.86s/it]                                                                                          Best trial: 35. Best value: 0.0799915:  96%|█████████▋| 193/200 [1:31:54<05:21, 45.86s/it]Best trial: 35. Best value: 0.0799915:  96%|█████████▋| 193/200 [1:31:54<05:21, 45.86s/it]Best trial: 35. Best value: 0.0799915:  97%|█████████▋| 194/200 [1:31:54<05:41, 56.95s/it]                                                                                          Best trial: 35. Best value: 0.0799915:  97%|█████████▋| 194/200 [1:32:03<05:41, 56.95s/it]Best trial: 35. Best value: 0.0799915:  97%|█████████▋| 194/200 [1:32:03<05:41, 56.95s/it]Best trial: 35. Best value: 0.0799915:  98%|█████████▊| 195/200 [1:32:03<03:33, 42.66s/it]                                                                                          Best trial: 35. Best value: 0.0799915:  98%|█████████▊| 195/200 [1:33:01<03:33, 42.66s/it]Best trial: 35. Best value: 0.0799915:  98%|█████████▊| 195/200 [1:33:01<03:33, 42.66s/it]Best trial: 35. Best value: 0.0799915:  98%|█████████▊| 196/200 [1:33:01<03:08, 47.24s/it]                                                                                          Best trial: 35. Best value: 0.0799915:  98%|█████████▊| 196/200 [1:35:57<03:08, 47.24s/it]Best trial: 35. Best value: 0.0799915:  98%|█████████▊| 196/200 [1:35:57<03:08, 47.24s/it]Best trial: 35. Best value: 0.0799915:  98%|█████████▊| 197/200 [1:35:57<04:17, 85.83s/it]                                                                                          Best trial: 35. Best value: 0.0799915:  98%|█████████▊| 197/200 [1:36:50<04:17, 85.83s/it]Best trial: 35. Best value: 0.0799915:  98%|█████████▊| 197/200 [1:36:50<04:17, 85.83s/it]Best trial: 35. Best value: 0.0799915:  99%|█████████▉| 198/200 [1:36:50<02:32, 76.09s/it]                                                                                          Best trial: 35. Best value: 0.0799915:  99%|█████████▉| 198/200 [1:37:40<02:32, 76.09s/it]Best trial: 35. Best value: 0.0799915:  99%|█████████▉| 198/200 [1:37:40<02:32, 76.09s/it]Best trial: 35. Best value: 0.0799915: 100%|█████████▉| 199/200 [1:37:40<01:08, 68.28s/it]                                                                                          Best trial: 35. Best value: 0.0799915: 100%|█████████▉| 199/200 [1:37:43<01:08, 68.28s/it]Best trial: 35. Best value: 0.0799915: 100%|█████████▉| 199/200 [1:37:43<01:08, 68.28s/it]Best trial: 35. Best value: 0.0799915: 100%|██████████| 200/200 [1:37:43<00:00, 48.54s/it]Best trial: 35. Best value: 0.0799915: 100%|██████████| 200/200 [1:37:43<00:00, 29.32s/it]
[I 2025-07-08 00:14:36,352] Trial 189 finished with value: 0.08179333359003065 and parameters: {'lr': 0.0061461486165032145, 'n_estimators': 1500, 'num_leaves': 167, 'min_child_samples': 5, 'subsample': 0.6874877736298372, 'colsample_bytree': 0.6352790031552032, 'reg_alpha': 0.2317081440181175, 'reg_lambda': 3.768878976396082}. Best is trial 35 with value: 0.0799914799630641.
[I 2025-07-08 00:14:43,487] Trial 190 finished with value: 0.08743032664060592 and parameters: {'lr': 0.006185011230233816, 'n_estimators': 1500, 'num_leaves': 175, 'min_child_samples': 26, 'subsample': 0.6881113471222171, 'colsample_bytree': 0.6508003438081617, 'reg_alpha': 0.2319021623663953, 'reg_lambda': 3.720242341663755}. Best is trial 35 with value: 0.0799914799630641.
[I 2025-07-08 00:15:30,369] Trial 192 finished with value: 0.0895361416041849 and parameters: {'lr': 0.006082158917418851, 'n_estimators': 1500, 'num_leaves': 175, 'min_child_samples': 27, 'subsample': 0.7078177209668485, 'colsample_bytree': 0.5358638236891956, 'reg_alpha': 0.13623485356025455, 'reg_lambda': 4.291074381996867}. Best is trial 35 with value: 0.0799914799630641.
[I 2025-07-08 00:16:33,932] Trial 191 finished with value: 0.08307466804981227 and parameters: {'lr': 0.006272868855213612, 'n_estimators': 1500, 'num_leaves': 175, 'min_child_samples': 5, 'subsample': 0.6877531183796363, 'colsample_bytree': 0.5345426441295125, 'reg_alpha': 0.10961872552240737, 'reg_lambda': 3.764557059331513}. Best is trial 35 with value: 0.0799914799630641.
[I 2025-07-08 00:17:56,777] Trial 193 finished with value: 0.08284686058759685 and parameters: {'lr': 0.006437714297250567, 'n_estimators': 1500, 'num_leaves': 159, 'min_child_samples': 5, 'subsample': 0.7048163836558435, 'colsample_bytree': 0.5993050643121355, 'reg_alpha': 0.12740902708251117, 'reg_lambda': 4.239680757516924}. Best is trial 35 with value: 0.0799914799630641.
[I 2025-07-08 00:18:06,078] Trial 194 finished with value: 0.08274924308061579 and parameters: {'lr': 0.006912351550012348, 'n_estimators': 1500, 'num_leaves': 159, 'min_child_samples': 5, 'subsample': 0.7063268142775279, 'colsample_bytree': 0.599036733130241, 'reg_alpha': 0.13550732086397244, 'reg_lambda': 4.24036267289748}. Best is trial 35 with value: 0.0799914799630641.
